[debug] [2021-03-18T22:04:35.101Z] ----------------------------------------------------------------------
[debug] [2021-03-18T22:04:35.103Z] Command:       /usr/local/bin/node /Users/school/.npm-global/bin/firebase serve --only hosting
[debug] [2021-03-18T22:04:35.103Z] CLI Version:   9.6.1
[debug] [2021-03-18T22:04:35.103Z] Platform:      darwin
[debug] [2021-03-18T22:04:35.103Z] Node Version:  v14.16.0
[debug] [2021-03-18T22:04:35.104Z] Time:          Thu Mar 18 2021 17:04:35 GMT-0500 (Central Daylight Time)
[debug] [2021-03-18T22:04:35.104Z] ----------------------------------------------------------------------
[debug] [2021-03-18T22:04:35.104Z] 
[debug] [2021-03-18T22:04:35.111Z] > command requires scopes: ["email","openid","https://www.googleapis.com/auth/cloudplatformprojects.readonly","https://www.googleapis.com/auth/firebase","https://www.googleapis.com/auth/cloud-platform"]
[debug] [2021-03-18T22:04:35.111Z] > authorizing via signed-in user
[debug] [2021-03-18T22:04:35.111Z] [iam] checking project team-antheia-capstone for permissions ["firebase.projects.get"]
[debug] [2021-03-18T22:04:35.113Z] >>> HTTP REQUEST POST https://cloudresourcemanager.googleapis.com/v1/projects/team-antheia-capstone:testIamPermissions  
 {"permissions":["firebase.projects.get"]}
[debug] [2021-03-18T22:04:35.318Z] <<< HTTP RESPONSE 200 {"content-type":"application/json; charset=UTF-8","vary":"X-Origin, Referer, Origin,Accept-Encoding","date":"Thu, 18 Mar 2021 22:04:35 GMT","server":"ESF","cache-control":"private","x-xss-protection":"0","x-frame-options":"SAMEORIGIN","x-content-type-options":"nosniff","server-timing":"gfet4t7; dur=56","alt-svc":"h3-29=\":443\"; ma=2592000,h3-T051=\":443\"; ma=2592000,h3-Q050=\":443\"; ma=2592000,h3-Q046=\":443\"; ma=2592000,h3-Q043=\":443\"; ma=2592000,quic=\":443\"; ma=2592000; v=\"46,43\"","accept-ranges":"none","transfer-encoding":"chunked"}
[debug] [2021-03-18T22:04:35.322Z] > refreshing access token with scopes: []
[debug] [2021-03-18T22:04:35.322Z] >>> HTTP REQUEST POST https://www.googleapis.com/oauth2/v3/token  
 <request body omitted>
[debug] [2021-03-18T22:04:35.497Z] <<< HTTP RESPONSE 200 {"date":"Thu, 18 Mar 2021 22:04:35 GMT","expires":"Mon, 01 Jan 1990 00:00:00 GMT","cache-control":"no-cache, no-store, max-age=0, must-revalidate","pragma":"no-cache","content-type":"application/json; charset=utf-8","vary":"X-Origin, Referer, Origin,Accept-Encoding","server":"scaffolding on HTTPServer2","x-xss-protection":"0","x-frame-options":"SAMEORIGIN","x-content-type-options":"nosniff","alt-svc":"h3-29=\":443\"; ma=2592000,h3-T051=\":443\"; ma=2592000,h3-Q050=\":443\"; ma=2592000,h3-Q046=\":443\"; ma=2592000,h3-Q043=\":443\"; ma=2592000,quic=\":443\"; ma=2592000; v=\"46,43\"","accept-ranges":"none","transfer-encoding":"chunked"}
[debug] [2021-03-18T22:04:35.526Z] >>> [apiv2][query] GET https://firebase.googleapis.com/v1beta1/projects/team-antheia-capstone [none]
[debug] [2021-03-18T22:04:35.690Z] <<< [apiv2][status] GET https://firebase.googleapis.com/v1beta1/projects/team-antheia-capstone 200
[debug] [2021-03-18T22:04:35.691Z] <<< [apiv2][body] GET https://firebase.googleapis.com/v1beta1/projects/team-antheia-capstone {"projectId":"team-antheia-capstone","projectNumber":"790939626127","displayName":"Team Antheia Capstone","name":"projects/team-antheia-capstone","resources":{"hostingSite":"team-antheia-capstone","realtimeDatabaseInstance":"team-antheia-capstone-default-rtdb","storageBucket":"team-antheia-capstone.appspot.com","locationId":"us-east1"},"state":"ACTIVE"}
[debug] [2021-03-18T22:04:35.692Z] >>> [apiv2][query] GET https://firebase.googleapis.com/v1beta1/projects/team-antheia-capstone/webApps/-/config [none]
[debug] [2021-03-18T22:04:35.951Z] <<< [apiv2][status] GET https://firebase.googleapis.com/v1beta1/projects/team-antheia-capstone/webApps/-/config 200
[debug] [2021-03-18T22:04:35.951Z] <<< [apiv2][body] GET https://firebase.googleapis.com/v1beta1/projects/team-antheia-capstone/webApps/-/config {"projectId":"team-antheia-capstone","appId":"1:790939626127:web:45df9ee2fd8b0732c75efa","databaseURL":"https://team-antheia-capstone-default-rtdb.firebaseio.com","storageBucket":"team-antheia-capstone.appspot.com","locationId":"us-east1","apiKey":"AIzaSyCL1mh7NIp8iNfow1PgSPBkD76Om_XrhB0","authDomain":"team-antheia-capstone.firebaseapp.com","messagingSenderId":"790939626127","measurementId":"G-NF36NH4Y6Y"}
[info] i  hosting: Serving hosting files from: build {"metadata":{"emulator":{"name":"hosting"},"message":"Serving hosting files from: \u001b[1mbuild\u001b[22m"}}
[info] ✔  hosting: Local server: http://localhost:5000 {"metadata":{"emulator":{"name":"hosting"},"message":"Local server: \u001b[4m\u001b[1mhttp://localhost:5000\u001b[22m\u001b[24m"}}
[info] i  hosting: 127.0.0.1 - - [18/Mar/2021:22:04:38 +0000] "GET / HTTP/1.1" 404 139 "-" "Mozilla/5.0 (Macintosh; Intel Mac OS X 11_2_3) AppleWebKit/537.36 (KHTML, like Gecko) Chrome/89.0.4389.90 Safari/537.36" {"metadata":{"emulator":{"name":"hosting"},"message":"127.0.0.1 - - [18/Mar/2021:22:04:38 +0000] \"GET / HTTP/1.1\" 404 139 \"-\" \"Mozilla/5.0 (Macintosh; Intel Mac OS X 11_2_3) AppleWebKit/537.36 (KHTML, like Gecko) Chrome/89.0.4389.90 Safari/537.36\""}}
